<?xml version="1.0" encoding="UTF-8"?>
<testng-results ignored="0" total="4" passed="4" failed="0" skipped="0">
  <reporter-output>
  </reporter-output>
  <suite started-at="2024-10-24T14:13:50 IST" name="All Test Suite" finished-at="2024-10-24T14:14:01 IST" duration-ms="10829">
    <groups>
    </groups>
    <test started-at="2024-10-24T14:13:50 IST" name="C:/Users/WIIS/IdeaProjects/demoTest/src/test/java/TestNGnew/day1" finished-at="2024-10-24T14:14:01 IST" duration-ms="10829">
      <class name="TestNGnew.day1.demoTest">
        <test-method signature="openapp()[pri:1, instance:TestNGnew.day1.demoTest@5ccddd20]" started-at="2024-10-24T14:13:50 IST" name="openapp" finished-at="2024-10-24T14:13:56 IST" duration-ms="5871" status="PASS">
          <reporter-output>
          </reporter-output>
        </test-method> <!-- openapp -->
        <test-method signature="testLogo()[pri:2, instance:TestNGnew.day1.demoTest@5ccddd20]" started-at="2024-10-24T14:13:56 IST" name="testLogo" finished-at="2024-10-24T14:13:59 IST" duration-ms="3055" status="PASS">
          <reporter-output>
          </reporter-output>
        </test-method> <!-- testLogo -->
        <test-method signature="testLogin()[pri:3, instance:TestNGnew.day1.demoTest@5ccddd20]" started-at="2024-10-24T14:13:59 IST" name="testLogin" finished-at="2024-10-24T14:14:01 IST" duration-ms="1437" status="PASS">
          <reporter-output>
          </reporter-output>
        </test-method> <!-- testLogin -->
        <test-method signature="closeApp()[pri:4, instance:TestNGnew.day1.demoTest@5ccddd20]" started-at="2024-10-24T14:14:01 IST" name="closeApp" finished-at="2024-10-24T14:14:01 IST" duration-ms="364" status="PASS">
          <reporter-output>
          </reporter-output>
        </test-method> <!-- closeApp -->
      </class> <!-- TestNGnew.day1.demoTest -->
    </test> <!-- C:/Users/WIIS/IdeaProjects/demoTest/src/test/java/TestNGnew/day1 -->
  </suite> <!-- All Test Suite -->
</testng-results>
